17:48:16.790 [main] DEBUG com.intuit.karate.Suite - [config] classpath:karate-config.js
17:48:16.801 [main] DEBUG com.intuit.karate.Suite - waiting for 6 features to complete
17:48:18.433 [pool-2-thread-2] INFO  com.intuit.karate - karate.env system property was: null 
17:48:18.433 [pool-2-thread-3] INFO  com.intuit.karate - karate.env system property was: null 
17:48:18.433 [pool-2-thread-4] INFO  com.intuit.karate - karate.env system property was: null 
17:48:18.433 [pool-2-thread-5] INFO  com.intuit.karate - karate.env system property was: null 
17:48:18.433 [pool-2-thread-1] INFO  com.intuit.karate - karate.env system property was: null 
17:48:18.565 [pool-2-thread-2] ERROR com.intuit.karate - classpath:examples/PetStore/delete_pet.feature:5
Given path 'pet', petId
js failed:
>>>>
01: ['pet', petId]
<<<<
org.graalvm.polyglot.PolyglotException: ReferenceError: "petId" is not defined
- <js>.:program(Unnamed:1)

classpath:examples/PetStore/delete_pet.feature:5
17:48:18.565 [pool-2-thread-4] ERROR com.intuit.karate - classpath:examples/PetStore/get_pet.feature:5
Given path 'pet', petId
js failed:
>>>>
01: ['pet', petId]
<<<<
org.graalvm.polyglot.PolyglotException: ReferenceError: "petId" is not defined
- <js>.:program(Unnamed:1)

classpath:examples/PetStore/get_pet.feature:5
17:48:18.584 [pool-2-thread-4] INFO  com.intuit.karate - karate.env system property was: null 
17:48:18.584 [pool-2-thread-2] INFO  com.intuit.karate - karate.env system property was: null 
17:48:18.926 [pool-2-thread-4] DEBUG com.intuit.karate - request:
1 > GET https://jsonplaceholder.typicode.com/users
1 > Host: jsonplaceholder.typicode.com
1 > Connection: Keep-Alive
1 > User-Agent: Apache-HttpClient/4.5.14 (Java/24.0.1)
1 > Accept-Encoding: gzip,deflate


17:48:18.926 [pool-2-thread-5] DEBUG com.intuit.karate - request:
1 > PUT https://petstore.swagger.io/v2/pet
1 > Content-Type: application/json; charset=UTF-8
1 > Content-Length: 140
1 > Host: petstore.swagger.io
1 > Connection: Keep-Alive
1 > User-Agent: Apache-HttpClient/4.5.14 (Java/24.0.1)
1 > Accept-Encoding: gzip,deflate
{"id":"(PetId)","category":{"id":0,"name":"Cat"},"name":"Lia","photoUrls":["string"],"tags":[{"id":0,"name":"string"}],"status":"available"}

17:48:18.926 [pool-2-thread-2] DEBUG com.intuit.karate - request:
1 > POST https://jsonplaceholder.typicode.com/users
1 > Content-Type: application/json; charset=UTF-8
1 > Content-Length: 160
1 > Host: jsonplaceholder.typicode.com
1 > Connection: Keep-Alive
1 > User-Agent: Apache-HttpClient/4.5.14 (Java/24.0.1)
1 > Accept-Encoding: gzip,deflate
{"name":"Test User","username":"testuser","email":"test@user.com","address":{"street":"Has No Name","suite":"Apt. 123","city":"Electri","zipcode":"54321-6789"}}

17:48:18.926 [pool-2-thread-1] DEBUG com.intuit.karate - request:
1 > POST https://petstore.swagger.io/v2/pet
1 > Content-Type: application/json; charset=UTF-8
1 > Content-Length: 139
1 > Host: petstore.swagger.io
1 > Connection: Keep-Alive
1 > User-Agent: Apache-HttpClient/4.5.14 (Java/24.0.1)
1 > Accept-Encoding: gzip,deflate
{"id":1212121,"category":{"id":0,"name":"Cat"},"name":"Nina","photoUrls":["string"],"tags":[{"id":0,"name":"string"}],"status":"available"}

17:48:18.926 [pool-2-thread-3] DEBUG com.intuit.karate - request:
1 > POST https://petstore.swagger.io/v2/pet
1 > Content-Type: application/json; charset=UTF-8
1 > Content-Length: 139
1 > Host: petstore.swagger.io
1 > Connection: Keep-Alive
1 > User-Agent: Apache-HttpClient/4.5.14 (Java/24.0.1)
1 > Accept-Encoding: gzip,deflate
{"id":1212121,"category":{"id":0,"name":"Cat"},"name":"Nina","photoUrls":["string"],"tags":[{"id":0,"name":"string"}],"status":"available"}

17:48:19.783 [pool-2-thread-4] DEBUG com.intuit.karate - response time in milliseconds: 848
1 < 200
1 < Date: Mon, 05 May 2025 21:48:21 GMT
1 < Content-Type: application/json; charset=utf-8
1 < Transfer-Encoding: chunked
1 < Connection: keep-alive
1 < Server: cloudflare
1 < Cf-Ray: 93b37108d958a3f3-GRU
1 < Report-To: {"group":"heroku-nel","max_age":3600,"endpoints":[{"url":"https://nel.heroku.com/reports?ts=1745352637&sid=e11707d5-02a7-43ef-b45e-2cf4d2036f7d&s=QABEMif%2Bskl1OK0p%2Fr6xYTi0Ul2n29NsRZSqz9YEIgQ%3D"}]}
1 < Reporting-Endpoints: heroku-nel=https://nel.heroku.com/reports?ts=1745352637&sid=e11707d5-02a7-43ef-b45e-2cf4d2036f7d&s=QABEMif%2Bskl1OK0p%2Fr6xYTi0Ul2n29NsRZSqz9YEIgQ%3D
1 < Nel: {"report_to":"heroku-nel","max_age":3600,"success_fraction":0.005,"failure_fraction":0.05,"response_headers":["Via"]}
1 < X-Powered-By: Express
1 < X-Ratelimit-Limit: 1000
1 < X-Ratelimit-Remaining: 999
1 < X-Ratelimit-Reset: 1745352673
1 < Vary: Origin, Accept-Encoding
1 < Access-Control-Allow-Credentials: true
1 < Cache-Control: max-age=43200
1 < Pragma: no-cache
1 < Expires: -1
1 < X-Content-Type-Options: nosniff
1 < Etag: W/"160d-1eMSsxeJRfnVLRBmYJSbCiJZ1qQ"
1 < Via: 1.1 vegur
1 < Age: 5660
1 < Cf-Cache-Status: HIT
1 < alt-svc: h3=":443"; ma=86400
1 < server-timing: cfL4;desc="?proto=TCP&rtt=236203&min_rtt=103457&rtt_var=128337&sent=7&recv=7&lost=0&retrans=0&sent_bytes=3111&recv_bytes=753&delivery_rate=35956&cwnd=237&unsent_bytes=0&cid=3269e1e14ad2016e&ts=278&x=0"
[
  {
    "id": 1,
    "name": "Leanne Graham",
    "username": "Bret",
    "email": "Sincere@april.biz",
    "address": {
      "street": "Kulas Light",
      "suite": "Apt. 556",
      "city": "Gwenborough",
      "zipcode": "92998-3874",
      "geo": {
        "lat": "-37.3159",
        "lng": "81.1496"
      }
    },
    "phone": "1-770-736-8031 x56442",
    "website": "hildegard.org",
    "company": {
      "name": "Romaguera-Crona",
      "catchPhrase": "Multi-layered client-server neural-net",
      "bs": "harness real-time e-markets"
    }
  },
  {
    "id": 2,
    "name": "Ervin Howell",
    "username": "Antonette",
    "email": "Shanna@melissa.tv",
    "address": {
      "street": "Victor Plains",
      "suite": "Suite 879",
      "city": "Wisokyburgh",
      "zipcode": "90566-7771",
      "geo": {
        "lat": "-43.9509",
        "lng": "-34.4618"
      }
    },
    "phone": "010-692-6593 x09125",
    "website": "anastasia.net",
    "company": {
      "name": "Deckow-Crist",
      "catchPhrase": "Proactive didactic contingency",
      "bs": "synergize scalable supply-chains"
    }
  },
  {
    "id": 3,
    "name": "Clementine Bauch",
    "username": "Samantha",
    "email": "Nathan@yesenia.net",
    "address": {
      "street": "Douglas Extension",
      "suite": "Suite 847",
      "city": "McKenziehaven",
      "zipcode": "59590-4157",
      "geo": {
        "lat": "-68.6102",
        "lng": "-47.0653"
      }
    },
    "phone": "1-463-123-4447",
    "website": "ramiro.info",
    "company": {
      "name": "Romaguera-Jacobson",
      "catchPhrase": "Face to face bifurcated interface",
      "bs": "e-enable strategic applications"
    }
  },
  {
    "id": 4,
    "name": "Patricia Lebsack",
    "username": "Karianne",
    "email": "Julianne.OConner@kory.org",
    "address": {
      "street": "Hoeger Mall",
      "suite": "Apt. 692",
      "city": "South Elvis",
      "zipcode": "53919-4257",
      "geo": {
        "lat": "29.4572",
        "lng": "-164.2990"
      }
    },
    "phone": "493-170-9623 x156",
    "website": "kale.biz",
    "company": {
      "name": "Robel-Corkery",
      "catchPhrase": "Multi-tiered zero tolerance productivity",
      "bs": "transition cutting-edge web services"
    }
  },
  {
    "id": 5,
    "name": "Chelsey Dietrich",
    "username": "Kamren",
    "email": "Lucio_Hettinger@annie.ca",
    "address": {
      "street": "Skiles Walks",
      "suite": "Suite 351",
      "city": "Roscoeview",
      "zipcode": "33263",
      "geo": {
        "lat": "-31.8129",
        "lng": "62.5342"
      }
    },
    "phone": "(254)954-1289",
    "website": "demarco.info",
    "company": {
      "name": "Keebler LLC",
      "catchPhrase": "User-centric fault-tolerant solution",
      "bs": "revolutionize end-to-end systems"
    }
  },
  {
    "id": 6,
    "name": "Mrs. Dennis Schulist",
    "username": "Leopoldo_Corkery",
    "email": "Karley_Dach@jasper.info",
    "address": {
      "street": "Norberto Crossing",
      "suite": "Apt. 950",
      "city": "South Christy",
      "zipcode": "23505-1337",
      "geo": {
        "lat": "-71.4197",
        "lng": "71.7478"
      }
    },
    "phone": "1-477-935-8478 x6430",
    "website": "ola.org",
    "company": {
      "name": "Considine-Lockman",
      "catchPhrase": "Synchronised bottom-line interface",
      "bs": "e-enable innovative applications"
    }
  },
  {
    "id": 7,
    "name": "Kurtis Weissnat",
    "username": "Elwyn.Skiles",
    "email": "Telly.Hoeger@billy.biz",
    "address": {
      "street": "Rex Trail",
      "suite": "Suite 280",
      "city": "Howemouth",
      "zipcode": "58804-1099",
      "geo": {
        "lat": "24.8918",
        "lng": "21.8984"
      }
    },
    "phone": "210.067.6132",
    "website": "elvis.io",
    "company": {
      "name": "Johns Group",
      "catchPhrase": "Configurable multimedia task-force",
      "bs": "generate enterprise e-tailers"
    }
  },
  {
    "id": 8,
    "name": "Nicholas Runolfsdottir V",
    "username": "Maxime_Nienow",
    "email": "Sherwood@rosamond.me",
    "address": {
      "street": "Ellsworth Summit",
      "suite": "Suite 729",
      "city": "Aliyaview",
      "zipcode": "45169",
      "geo": {
        "lat": "-14.3990",
        "lng": "-120.7677"
      }
    },
    "phone": "586.493.6943 x140",
    "website": "jacynthe.com",
    "company": {
      "name": "Abernathy Group",
      "catchPhrase": "Implemented secondary concept",
      "bs": "e-enable extensible e-tailers"
    }
  },
  {
    "id": 9,
    "name": "Glenna Reichert",
    "username": "Delphine",
    "email": "Chaim_McDermott@dana.io",
    "address": {
      "street": "Dayna Park",
      "suite": "Suite 449",
      "city": "Bartholomebury",
      "zipcode": "76495-3109",
      "geo": {
        "lat": "24.6463",
        "lng": "-168.8889"
      }
    },
    "phone": "(775)976-6794 x41206",
    "website": "conrad.com",
    "company": {
      "name": "Yost and Sons",
      "catchPhrase": "Switchable contextually-based project",
      "bs": "aggregate real-time technologies"
    }
  },
  {
    "id": 10,
    "name": "Clementina DuBuque",
    "username": "Moriah.Stanton",
    "email": "Rey.Padberg@karina.biz",
    "address": {
      "street": "Kattie Turnpike",
      "suite": "Suite 198",
      "city": "Lebsackbury",
      "zipcode": "31428-2261",
      "geo": {
        "lat": "-38.2386",
        "lng": "57.2232"
      }
    },
    "phone": "024-648-3804",
    "website": "ambrose.net",
    "company": {
      "name": "Hoeger LLC",
      "catchPhrase": "Centralized empowering task-force",
      "bs": "target end-to-end models"
    }
  }
]

17:48:19.818 [pool-2-thread-4] DEBUG com.intuit.karate - request:
2 > GET https://jsonplaceholder.typicode.com/users/1
2 > Host: jsonplaceholder.typicode.com
2 > Connection: Keep-Alive
2 > User-Agent: Apache-HttpClient/4.5.14 (Java/24.0.1)
2 > Accept-Encoding: gzip,deflate


17:48:19.962 [pool-2-thread-2] DEBUG com.intuit.karate - response time in milliseconds: 1033
1 < 201
1 < Date: Mon, 05 May 2025 21:48:21 GMT
1 < Content-Type: application/json; charset=utf-8
1 < Content-Length: 216
1 < Connection: keep-alive
1 < Server: cloudflare
1 < Cf-Ray: 93b371094d2f93b9-EWR
1 < Report-To: {"group":"heroku-nel","max_age":3600,"endpoints":[{"url":"https://nel.heroku.com/reports?ts=1746481701&sid=e11707d5-02a7-43ef-b45e-2cf4d2036f7d&s=4%2FRSk%2BrXMQNCXaYNtJ26znA2QMIZnAJQTIT0XeKBn9w%3D"}]}
1 < Reporting-Endpoints: heroku-nel=https://nel.heroku.com/reports?ts=1746481701&sid=e11707d5-02a7-43ef-b45e-2cf4d2036f7d&s=4%2FRSk%2BrXMQNCXaYNtJ26znA2QMIZnAJQTIT0XeKBn9w%3D
1 < Nel: {"report_to":"heroku-nel","max_age":3600,"success_fraction":0.005,"failure_fraction":0.05,"response_headers":["Via"]}
1 < X-Powered-By: Express
1 < X-Ratelimit-Limit: 1000
1 < X-Ratelimit-Remaining: 999
1 < X-Ratelimit-Reset: 1746481747
1 < Vary: Origin, X-HTTP-Method-Override, Accept-Encoding
1 < Access-Control-Allow-Credentials: true
1 < Cache-Control: no-cache
1 < Pragma: no-cache
1 < Expires: -1
1 < Access-Control-Expose-Headers: Location
1 < Location: https://jsonplaceholder.typicode.com/users/11
1 < X-Content-Type-Options: nosniff
1 < Etag: W/"d8-pYV7+YuMGP2hxHPU9ARrf97ifDA"
1 < Via: 1.1 vegur
1 < Cf-Cache-Status: DYNAMIC
1 < alt-svc: h3=":443"; ma=86400
1 < server-timing: cfL4;desc="?proto=TCP&rtt=255767&min_rtt=255260&rtt_var=96736&sent=5&recv=7&lost=0&retrans=0&sent_bytes=3111&recv_bytes=982&delivery_rate=14345&cwnd=138&unsent_bytes=0&cid=d8af254a3efa12c9&ts=295&x=0"
{
  "name": "Test User",
  "username": "testuser",
  "email": "test@user.com",
  "address": {
    "street": "Has No Name",
    "suite": "Apt. 123",
    "city": "Electri",
    "zipcode": "54321-6789"
  },
  "id": 11
}

17:48:19.972 [pool-2-thread-2] INFO  com.intuit.karate - [print] created id is:  11 
17:48:21.072 [pool-2-thread-4] DEBUG com.intuit.karate - response time in milliseconds: 1253
2 < 200
2 < Date: Mon, 05 May 2025 21:48:22 GMT
2 < Content-Type: application/json; charset=utf-8
2 < Transfer-Encoding: chunked
2 < Connection: keep-alive
2 < Cf-Ray: 93b37110eeea5cb6-GIG
2 < Server: cloudflare
2 < Report-To: {"group":"heroku-nel","max_age":3600,"endpoints":[{"url":"https://nel.heroku.com/reports?ts=1745352626&sid=e11707d5-02a7-43ef-b45e-2cf4d2036f7d&s=mZDFqu15epkGuQ4RWFnnKY91YYu0ENKXkBHl4hXAA70%3D"}]}
2 < Reporting-Endpoints: heroku-nel=https://nel.heroku.com/reports?ts=1745352626&sid=e11707d5-02a7-43ef-b45e-2cf4d2036f7d&s=mZDFqu15epkGuQ4RWFnnKY91YYu0ENKXkBHl4hXAA70%3D
2 < Nel: {"report_to":"heroku-nel","max_age":3600,"success_fraction":0.005,"failure_fraction":0.05,"response_headers":["Via"]}
2 < X-Powered-By: Express
2 < X-Ratelimit-Limit: 1000
2 < X-Ratelimit-Remaining: 999
2 < X-Ratelimit-Reset: 1745352673
2 < Vary: Origin, Accept-Encoding
2 < Access-Control-Allow-Credentials: true
2 < Cache-Control: max-age=43200
2 < Pragma: no-cache
2 < Expires: -1
2 < X-Content-Type-Options: nosniff
2 < Etag: W/"1fd-+2Y3G3w049iSZtw5t1mzSnunngE"
2 < Via: 1.1 vegur
2 < Age: 10058
2 < Cf-Cache-Status: HIT
2 < alt-svc: h3=":443"; ma=86400
2 < server-timing: cfL4;desc="?proto=TCP&rtt=205343&min_rtt=205343&rtt_var=102671&sent=6&recv=7&lost=0&retrans=1&sent_bytes=3742&recv_bytes=1010&delivery_rate=4451&cwnd=238&unsent_bytes=0&cid=7011789cb2ce05e5&ts=854&x=0"
{
  "id": 1,
  "name": "Leanne Graham",
  "username": "Bret",
  "email": "Sincere@april.biz",
  "address": {
    "street": "Kulas Light",
    "suite": "Apt. 556",
    "city": "Gwenborough",
    "zipcode": "92998-3874",
    "geo": {
      "lat": "-37.3159",
      "lng": "81.1496"
    }
  },
  "phone": "1-770-736-8031 x56442",
  "website": "hildegard.org",
  "company": {
    "name": "Romaguera-Crona",
    "catchPhrase": "Multi-layered client-server neural-net",
    "bs": "harness real-time e-markets"
  }
}

17:48:21.148 [pool-2-thread-1] DEBUG com.intuit.karate - response time in milliseconds: 2220
1 < 200
1 < Date: Mon, 05 May 2025 21:48:22 GMT
1 < Content-Type: application/json
1 < Transfer-Encoding: chunked
1 < Connection: keep-alive
1 < Access-Control-Allow-Origin: *
1 < Access-Control-Allow-Methods: GET, POST, DELETE, PUT
1 < Access-Control-Allow-Headers: Content-Type, api_key, Authorization
1 < Server: Jetty(9.2.9.v20150224)
{"id":1212121,"category":{"id":0,"name":"Cat"},"name":"Nina","photoUrls":["string"],"tags":[{"id":0,"name":"string"}],"status":"available"}

17:48:21.187 [pool-2-thread-3] DEBUG com.intuit.karate - response time in milliseconds: 2259
1 < 200
1 < Date: Mon, 05 May 2025 21:48:22 GMT
1 < Content-Type: application/json
1 < Transfer-Encoding: chunked
1 < Connection: keep-alive
1 < Access-Control-Allow-Origin: *
1 < Access-Control-Allow-Methods: GET, POST, DELETE, PUT
1 < Access-Control-Allow-Headers: Content-Type, api_key, Authorization
1 < Server: Jetty(9.2.9.v20150224)
{"id":1212121,"category":{"id":0,"name":"Cat"},"name":"Nina","photoUrls":["string"],"tags":[{"id":0,"name":"string"}],"status":"available"}

17:48:21.213 [pool-2-thread-3] DEBUG com.intuit.karate - request:
1 > GET https://petstore.swagger.io/v2/pet
1 > Host: petstore.swagger.io
1 > Connection: Keep-Alive
1 > User-Agent: Apache-HttpClient/4.5.14 (Java/24.0.1)
1 > Accept-Encoding: gzip,deflate


17:48:21.568 [pool-2-thread-5] DEBUG com.intuit.karate - response time in milliseconds: 2640
1 < 500
1 < Date: Mon, 05 May 2025 21:48:22 GMT
1 < Content-Type: application/json
1 < Transfer-Encoding: chunked
1 < Connection: keep-alive
1 < Access-Control-Allow-Origin: *
1 < Access-Control-Allow-Methods: GET, POST, DELETE, PUT
1 < Access-Control-Allow-Headers: Content-Type, api_key, Authorization
1 < Server: Jetty(9.2.9.v20150224)
{"code":500,"type":"unknown","message":"something bad happened"}

17:48:21.573 [pool-2-thread-5] ERROR com.intuit.karate - classpath:examples/PetStore/set_pet.feature:28
Then status 200
status code was: 500, expected: 200, response time in milliseconds: 2640, url: https://petstore.swagger.io/v2/pet, response: 
{"code":500,"type":"unknown","message":"something bad happened"}
classpath:examples/PetStore/set_pet.feature:28
17:48:21.924 [pool-3-thread-1] INFO  com.intuit.karate.Suite - <<pass>> feature 1 of 6 (5 remaining) classpath:examples/PetStore/create_pet.feature
17:48:22.002 [pool-3-thread-1] INFO  com.intuit.karate.Suite - <<fail>> feature 2 of 6 (4 remaining) classpath:examples/PetStore/delete_pet.feature
17:48:22.094 [pool-2-thread-3] DEBUG com.intuit.karate - response time in milliseconds: 879
1 < 405
1 < Date: Mon, 05 May 2025 21:48:23 GMT
1 < Content-Type: application/xml
1 < Content-Length: 102
1 < Connection: keep-alive
1 < Access-Control-Allow-Origin: *
1 < Access-Control-Allow-Methods: GET, POST, DELETE, PUT
1 < Access-Control-Allow-Headers: Content-Type, api_key, Authorization
1 < Server: Jetty(9.2.9.v20150224)
<?xml version="1.0" encoding="UTF-8" standalone="yes"?><apiResponse><type>unknown</type></apiResponse>

17:48:22.125 [pool-2-thread-3] ERROR com.intuit.karate - classpath:examples/PetStore/get_pet.feature:7
Then status 200
status code was: 405, expected: 200, response time in milliseconds: 879, url: https://petstore.swagger.io/v2/pet, response: 
<?xml version="1.0" encoding="UTF-8" standalone="yes"?><apiResponse><type>unknown</type></apiResponse>
classpath:examples/PetStore/get_pet.feature:7
17:48:22.126 [pool-2-thread-3] ERROR com.intuit.karate - classpath:examples/PetStore/full_flow_pet.feature:8
* call read('get_pet.feature') { petId: '#(petId)' }
status code was: 405, expected: 200, response time in milliseconds: 879, url: https://petstore.swagger.io/v2/pet, response: 
<?xml version="1.0" encoding="UTF-8" standalone="yes"?><apiResponse><type>unknown</type></apiResponse>
classpath:examples/PetStore/get_pet.feature:7
classpath:examples/PetStore/full_flow_pet.feature:8
17:48:22.306 [pool-3-thread-1] INFO  com.intuit.karate.Suite - <<fail>> feature 3 of 6 (3 remaining) classpath:examples/PetStore/full_flow_pet.feature
17:48:22.359 [pool-3-thread-1] INFO  com.intuit.karate.Suite - <<fail>> feature 4 of 6 (2 remaining) classpath:examples/PetStore/get_pet.feature
17:48:22.414 [pool-3-thread-1] INFO  com.intuit.karate.Suite - <<fail>> feature 5 of 6 (1 remaining) classpath:examples/PetStore/set_pet.feature
17:48:22.494 [pool-3-thread-1] INFO  com.intuit.karate.Suite - <<pass>> feature 6 of 6 (0 remaining) classpath:examples/users/users.feature
17:48:58.239 [main] INFO  com.intuit.karate.Runner - using system property 'karate.options': classpath:examples/PetStore/create_pet.feature
17:48:58.918 [main] DEBUG com.intuit.karate.Suite - [config] classpath:karate-config.js
17:48:58.922 [main] INFO  com.intuit.karate.Suite - backed up existing 'target\karate-reports' dir to: target\karate-reports_1746481738920
17:49:00.248 [pool-2-thread-1] INFO  com.intuit.karate - karate.env system property was: null 
17:49:00.630 [pool-2-thread-1] DEBUG com.intuit.karate - request:
1 > POST https://petstore.swagger.io/v2/pet
1 > Content-Type: application/json; charset=UTF-8
1 > Content-Length: 139
1 > Host: petstore.swagger.io
1 > Connection: Keep-Alive
1 > User-Agent: Apache-HttpClient/4.5.14 (Java/24.0.1)
1 > Accept-Encoding: gzip,deflate
{"id":1212121,"category":{"id":0,"name":"Cat"},"name":"Nina","photoUrls":["string"],"tags":[{"id":0,"name":"string"}],"status":"available"}

17:49:02.264 [pool-2-thread-1] DEBUG com.intuit.karate - response time in milliseconds: 1630
1 < 200
1 < Date: Mon, 05 May 2025 21:49:03 GMT
1 < Content-Type: application/json
1 < Transfer-Encoding: chunked
1 < Connection: keep-alive
1 < Access-Control-Allow-Origin: *
1 < Access-Control-Allow-Methods: GET, POST, DELETE, PUT
1 < Access-Control-Allow-Headers: Content-Type, api_key, Authorization
1 < Server: Jetty(9.2.9.v20150224)
{"id":1212121,"category":{"id":0,"name":"Cat"},"name":"Nina","photoUrls":["string"],"tags":[{"id":0,"name":"string"}],"status":"available"}

17:49:03.071 [pool-3-thread-1] INFO  com.intuit.karate.Suite - <<pass>> feature 1 of 1 (0 remaining) classpath:examples/PetStore/create_pet.feature
17:49:29.535 [main] INFO  com.intuit.karate.Runner - using system property 'karate.options': classpath:examples/PetStore/set_pet.feature
17:49:30.250 [main] DEBUG com.intuit.karate.Suite - [config] classpath:karate-config.js
17:49:30.254 [main] INFO  com.intuit.karate.Suite - backed up existing 'target\karate-reports' dir to: target\karate-reports_1746481770251
17:49:31.616 [pool-2-thread-1] INFO  com.intuit.karate - karate.env system property was: null 
17:49:32.009 [pool-2-thread-1] DEBUG com.intuit.karate - request:
1 > PUT https://petstore.swagger.io/v2/pet
1 > Content-Type: application/json; charset=UTF-8
1 > Content-Length: 140
1 > Host: petstore.swagger.io
1 > Connection: Keep-Alive
1 > User-Agent: Apache-HttpClient/4.5.14 (Java/24.0.1)
1 > Accept-Encoding: gzip,deflate
{"id":"(PetId)","category":{"id":0,"name":"Cat"},"name":"Lia","photoUrls":["string"],"tags":[{"id":0,"name":"string"}],"status":"available"}

17:49:35.506 [pool-2-thread-1] DEBUG com.intuit.karate - response time in milliseconds: 3492
1 < 500
1 < Date: Mon, 05 May 2025 21:49:36 GMT
1 < Content-Type: application/json
1 < Transfer-Encoding: chunked
1 < Connection: keep-alive
1 < Access-Control-Allow-Origin: *
1 < Access-Control-Allow-Methods: GET, POST, DELETE, PUT
1 < Access-Control-Allow-Headers: Content-Type, api_key, Authorization
1 < Server: Jetty(9.2.9.v20150224)
{"code":500,"type":"unknown","message":"something bad happened"}

17:49:35.520 [pool-2-thread-1] ERROR com.intuit.karate - classpath:examples/PetStore/set_pet.feature:28
Then status 200
status code was: 500, expected: 200, response time in milliseconds: 3492, url: https://petstore.swagger.io/v2/pet, response: 
{"code":500,"type":"unknown","message":"something bad happened"}
classpath:examples/PetStore/set_pet.feature:28
17:49:36.305 [pool-3-thread-1] INFO  com.intuit.karate.Suite - <<fail>> feature 1 of 1 (0 remaining) classpath:examples/PetStore/set_pet.feature
17:50:58.008 [main] INFO  com.intuit.karate.Runner - using system property 'karate.options': classpath:examples/PetStore/set_pet.feature
17:50:58.670 [main] DEBUG com.intuit.karate.Suite - [config] classpath:karate-config.js
17:50:58.674 [main] INFO  com.intuit.karate.Suite - backed up existing 'target\karate-reports' dir to: target\karate-reports_1746481858671
17:50:59.926 [pool-2-thread-1] INFO  com.intuit.karate - karate.env system property was: null 
17:51:00.315 [pool-2-thread-1] DEBUG com.intuit.karate - request:
1 > PUT https://petstore.swagger.io/v2/pet
1 > Content-Type: application/json; charset=UTF-8
1 > Content-Length: 140
1 > Host: petstore.swagger.io
1 > Connection: Keep-Alive
1 > User-Agent: Apache-HttpClient/4.5.14 (Java/24.0.1)
1 > Accept-Encoding: gzip,deflate
{"id":"(PetId)","category":{"id":0,"name":"Cat"},"name":"Lia","photoUrls":["string"],"tags":[{"id":0,"name":"string"}],"status":"available"}

17:51:01.774 [pool-2-thread-1] DEBUG com.intuit.karate - response time in milliseconds: 1456
1 < 500
1 < Date: Mon, 05 May 2025 21:51:03 GMT
1 < Content-Type: application/json
1 < Transfer-Encoding: chunked
1 < Connection: keep-alive
1 < Access-Control-Allow-Origin: *
1 < Access-Control-Allow-Methods: GET, POST, DELETE, PUT
1 < Access-Control-Allow-Headers: Content-Type, api_key, Authorization
1 < Server: Jetty(9.2.9.v20150224)
{"code":500,"type":"unknown","message":"something bad happened"}

17:51:01.784 [pool-2-thread-1] ERROR com.intuit.karate - classpath:examples/PetStore/set_pet.feature:29
Then status 200
status code was: 500, expected: 200, response time in milliseconds: 1456, url: https://petstore.swagger.io/v2/pet, response: 
{"code":500,"type":"unknown","message":"something bad happened"}
classpath:examples/PetStore/set_pet.feature:29
17:51:02.501 [pool-3-thread-1] INFO  com.intuit.karate.Suite - <<fail>> feature 1 of 1 (0 remaining) classpath:examples/PetStore/set_pet.feature
17:51:19.036 [main] INFO  com.intuit.karate.Runner - using system property 'karate.options': classpath:examples/PetStore/create_pet.feature
17:51:19.670 [main] DEBUG com.intuit.karate.Suite - [config] classpath:karate-config.js
17:51:19.674 [main] INFO  com.intuit.karate.Suite - backed up existing 'target\karate-reports' dir to: target\karate-reports_1746481879671
17:51:21.103 [pool-2-thread-1] INFO  com.intuit.karate - karate.env system property was: null 
17:51:21.564 [pool-2-thread-1] DEBUG com.intuit.karate - request:
1 > POST https://petstore.swagger.io/v2/pet
1 > Content-Type: application/json; charset=UTF-8
1 > Content-Length: 139
1 > Host: petstore.swagger.io
1 > Connection: Keep-Alive
1 > User-Agent: Apache-HttpClient/4.5.14 (Java/24.0.1)
1 > Accept-Encoding: gzip,deflate
{"id":1231456,"category":{"id":0,"name":"Cat"},"name":"Nina","photoUrls":["string"],"tags":[{"id":0,"name":"string"}],"status":"available"}

17:51:22.657 [pool-2-thread-1] DEBUG com.intuit.karate - response time in milliseconds: 1089
1 < 200
1 < Date: Mon, 05 May 2025 21:51:24 GMT
1 < Content-Type: application/json
1 < Transfer-Encoding: chunked
1 < Connection: keep-alive
1 < Access-Control-Allow-Origin: *
1 < Access-Control-Allow-Methods: GET, POST, DELETE, PUT
1 < Access-Control-Allow-Headers: Content-Type, api_key, Authorization
1 < Server: Jetty(9.2.9.v20150224)
{"id":1231456,"category":{"id":0,"name":"Cat"},"name":"Nina","photoUrls":["string"],"tags":[{"id":0,"name":"string"}],"status":"available"}

17:51:23.375 [pool-3-thread-1] INFO  com.intuit.karate.Suite - <<pass>> feature 1 of 1 (0 remaining) classpath:examples/PetStore/create_pet.feature
17:51:35.765 [main] INFO  com.intuit.karate.Runner - using system property 'karate.options': classpath:examples/PetStore/set_pet.feature
17:51:36.459 [main] DEBUG com.intuit.karate.Suite - [config] classpath:karate-config.js
17:51:36.463 [main] INFO  com.intuit.karate.Suite - backed up existing 'target\karate-reports' dir to: target\karate-reports_1746481896461
17:51:37.740 [pool-2-thread-1] INFO  com.intuit.karate - karate.env system property was: null 
17:51:38.103 [pool-2-thread-1] DEBUG com.intuit.karate - request:
1 > PUT https://petstore.swagger.io/v2/pet
1 > Content-Type: application/json; charset=UTF-8
1 > Content-Length: 140
1 > Host: petstore.swagger.io
1 > Connection: Keep-Alive
1 > User-Agent: Apache-HttpClient/4.5.14 (Java/24.0.1)
1 > Accept-Encoding: gzip,deflate
{"id":"(PetId)","category":{"id":0,"name":"Cat"},"name":"Lia","photoUrls":["string"],"tags":[{"id":0,"name":"string"}],"status":"available"}

17:51:39.180 [pool-2-thread-1] DEBUG com.intuit.karate - response time in milliseconds: 1072
1 < 500
1 < Date: Mon, 05 May 2025 21:51:40 GMT
1 < Content-Type: application/json
1 < Transfer-Encoding: chunked
1 < Connection: keep-alive
1 < Access-Control-Allow-Origin: *
1 < Access-Control-Allow-Methods: GET, POST, DELETE, PUT
1 < Access-Control-Allow-Headers: Content-Type, api_key, Authorization
1 < Server: Jetty(9.2.9.v20150224)
{"code":500,"type":"unknown","message":"something bad happened"}

17:51:39.189 [pool-2-thread-1] ERROR com.intuit.karate - classpath:examples/PetStore/set_pet.feature:29
Then status 200
status code was: 500, expected: 200, response time in milliseconds: 1072, url: https://petstore.swagger.io/v2/pet, response: 
{"code":500,"type":"unknown","message":"something bad happened"}
classpath:examples/PetStore/set_pet.feature:29
17:51:39.939 [pool-3-thread-1] INFO  com.intuit.karate.Suite - <<fail>> feature 1 of 1 (0 remaining) classpath:examples/PetStore/set_pet.feature
17:53:33.346 [main] INFO  com.intuit.karate.Runner - using system property 'karate.options': classpath:examples/PetStore/set_pet.feature
17:53:34.089 [main] DEBUG com.intuit.karate.Suite - [config] classpath:karate-config.js
17:53:34.093 [main] INFO  com.intuit.karate.Suite - backed up existing 'target\karate-reports' dir to: target\karate-reports_1746482014090
17:53:35.438 [pool-2-thread-1] INFO  com.intuit.karate - karate.env system property was: null 
17:53:35.808 [pool-2-thread-1] DEBUG com.intuit.karate - request:
1 > PUT https://petstore.swagger.io/v2/pet
1 > Content-Type: application/json; charset=UTF-8
1 > Content-Length: 138
1 > Host: petstore.swagger.io
1 > Connection: Keep-Alive
1 > User-Agent: Apache-HttpClient/4.5.14 (Java/24.0.1)
1 > Accept-Encoding: gzip,deflate
{"id":1231456,"category":{"id":0,"name":"Cat"},"name":"Lia","photoUrls":["string"],"tags":[{"id":0,"name":"string"}],"status":"available"}

17:53:37.053 [pool-2-thread-1] DEBUG com.intuit.karate - response time in milliseconds: 1241
1 < 200
1 < Date: Mon, 05 May 2025 21:53:38 GMT
1 < Content-Type: application/json
1 < Transfer-Encoding: chunked
1 < Connection: keep-alive
1 < Access-Control-Allow-Origin: *
1 < Access-Control-Allow-Methods: GET, POST, DELETE, PUT
1 < Access-Control-Allow-Headers: Content-Type, api_key, Authorization
1 < Server: Jetty(9.2.9.v20150224)
{"id":1231456,"category":{"id":0,"name":"Cat"},"name":"Lia","photoUrls":["string"],"tags":[{"id":0,"name":"string"}],"status":"available"}

17:53:37.087 [pool-2-thread-1] ERROR com.intuit.karate - classpath:examples/PetStore/set_pet.feature:30
And match response.id == 1212121
match failed: EQUALS
  $ | not equal (NUMBER:NUMBER)
  1231456
  1212121

classpath:examples/PetStore/set_pet.feature:30
17:53:37.768 [pool-3-thread-1] INFO  com.intuit.karate.Suite - <<fail>> feature 1 of 1 (0 remaining) classpath:examples/PetStore/set_pet.feature
17:54:03.248 [main] INFO  com.intuit.karate.Runner - using system property 'karate.options': classpath:examples/PetStore/set_pet.feature
17:54:03.913 [main] DEBUG com.intuit.karate.Suite - [config] classpath:karate-config.js
17:54:03.918 [main] INFO  com.intuit.karate.Suite - backed up existing 'target\karate-reports' dir to: target\karate-reports_1746482043915
17:54:05.171 [pool-2-thread-1] INFO  com.intuit.karate - karate.env system property was: null 
17:54:05.553 [pool-2-thread-1] DEBUG com.intuit.karate - request:
1 > PUT https://petstore.swagger.io/v2/pet
1 > Content-Type: application/json; charset=UTF-8
1 > Content-Length: 138
1 > Host: petstore.swagger.io
1 > Connection: Keep-Alive
1 > User-Agent: Apache-HttpClient/4.5.14 (Java/24.0.1)
1 > Accept-Encoding: gzip,deflate
{"id":1231456,"category":{"id":0,"name":"Cat"},"name":"Lia","photoUrls":["string"],"tags":[{"id":0,"name":"string"}],"status":"available"}

17:54:06.631 [pool-2-thread-1] DEBUG com.intuit.karate - response time in milliseconds: 1075
1 < 200
1 < Date: Mon, 05 May 2025 21:54:08 GMT
1 < Content-Type: application/json
1 < Transfer-Encoding: chunked
1 < Connection: keep-alive
1 < Access-Control-Allow-Origin: *
1 < Access-Control-Allow-Methods: GET, POST, DELETE, PUT
1 < Access-Control-Allow-Headers: Content-Type, api_key, Authorization
1 < Server: Jetty(9.2.9.v20150224)
{"id":1231456,"category":{"id":0,"name":"Cat"},"name":"Lia","photoUrls":["string"],"tags":[{"id":0,"name":"string"}],"status":"available"}

17:54:07.421 [pool-3-thread-1] INFO  com.intuit.karate.Suite - <<pass>> feature 1 of 1 (0 remaining) classpath:examples/PetStore/set_pet.feature
17:54:30.400 [main] INFO  com.intuit.karate.Runner - using system property 'karate.options': classpath:examples/PetStore/full_flow_pet.feature
17:54:31.090 [main] DEBUG com.intuit.karate.Suite - [config] classpath:karate-config.js
17:54:31.095 [main] INFO  com.intuit.karate.Suite - backed up existing 'target\karate-reports' dir to: target\karate-reports_1746482071092
17:54:32.438 [pool-2-thread-1] INFO  com.intuit.karate - karate.env system property was: null 
17:54:32.840 [pool-2-thread-1] DEBUG com.intuit.karate - request:
1 > POST https://petstore.swagger.io/v2/pet
1 > Content-Type: application/json; charset=UTF-8
1 > Content-Length: 139
1 > Host: petstore.swagger.io
1 > Connection: Keep-Alive
1 > User-Agent: Apache-HttpClient/4.5.14 (Java/24.0.1)
1 > Accept-Encoding: gzip,deflate
{"id":1231456,"category":{"id":0,"name":"Cat"},"name":"Nina","photoUrls":["string"],"tags":[{"id":0,"name":"string"}],"status":"available"}

17:54:33.877 [pool-2-thread-1] DEBUG com.intuit.karate - response time in milliseconds: 1033
1 < 200
1 < Date: Mon, 05 May 2025 21:54:35 GMT
1 < Content-Type: application/json
1 < Transfer-Encoding: chunked
1 < Connection: keep-alive
1 < Access-Control-Allow-Origin: *
1 < Access-Control-Allow-Methods: GET, POST, DELETE, PUT
1 < Access-Control-Allow-Headers: Content-Type, api_key, Authorization
1 < Server: Jetty(9.2.9.v20150224)
{"id":1231456,"category":{"id":0,"name":"Cat"},"name":"Nina","photoUrls":["string"],"tags":[{"id":0,"name":"string"}],"status":"available"}

17:54:33.947 [pool-2-thread-1] DEBUG com.intuit.karate - request:
1 > GET https://petstore.swagger.io/v2/pet
1 > Host: petstore.swagger.io
1 > Connection: Keep-Alive
1 > User-Agent: Apache-HttpClient/4.5.14 (Java/24.0.1)
1 > Accept-Encoding: gzip,deflate


17:54:34.602 [pool-2-thread-1] DEBUG com.intuit.karate - response time in milliseconds: 653
1 < 405
1 < Date: Mon, 05 May 2025 21:54:36 GMT
1 < Content-Type: application/xml
1 < Content-Length: 102
1 < Connection: keep-alive
1 < Access-Control-Allow-Origin: *
1 < Access-Control-Allow-Methods: GET, POST, DELETE, PUT
1 < Access-Control-Allow-Headers: Content-Type, api_key, Authorization
1 < Server: Jetty(9.2.9.v20150224)
<?xml version="1.0" encoding="UTF-8" standalone="yes"?><apiResponse><type>unknown</type></apiResponse>

17:54:34.615 [pool-2-thread-1] ERROR com.intuit.karate - classpath:examples/PetStore/get_pet.feature:7
Then status 200
status code was: 405, expected: 200, response time in milliseconds: 653, url: https://petstore.swagger.io/v2/pet, response: 
<?xml version="1.0" encoding="UTF-8" standalone="yes"?><apiResponse><type>unknown</type></apiResponse>
classpath:examples/PetStore/get_pet.feature:7
17:54:34.617 [pool-2-thread-1] ERROR com.intuit.karate - classpath:examples/PetStore/full_flow_pet.feature:8
* call read('get_pet.feature') { petId: '#(petId)' }
status code was: 405, expected: 200, response time in milliseconds: 653, url: https://petstore.swagger.io/v2/pet, response: 
<?xml version="1.0" encoding="UTF-8" standalone="yes"?><apiResponse><type>unknown</type></apiResponse>
classpath:examples/PetStore/get_pet.feature:7
classpath:examples/PetStore/full_flow_pet.feature:8
17:54:35.410 [pool-3-thread-1] INFO  com.intuit.karate.Suite - <<fail>> feature 1 of 1 (0 remaining) classpath:examples/PetStore/full_flow_pet.feature
17:56:22.908 [main] INFO  com.intuit.karate.Runner - using system property 'karate.options': classpath:examples/PetStore/full_flow_pet.feature
17:56:23.556 [main] DEBUG com.intuit.karate.Suite - [config] classpath:karate-config.js
17:56:23.561 [main] INFO  com.intuit.karate.Suite - backed up existing 'target\karate-reports' dir to: target\karate-reports_1746482183558
17:56:24.878 [pool-2-thread-1] INFO  com.intuit.karate - karate.env system property was: null 
17:56:25.276 [pool-2-thread-1] DEBUG com.intuit.karate - request:
1 > POST https://petstore.swagger.io/v2/pet
1 > Content-Type: application/json; charset=UTF-8
1 > Content-Length: 139
1 > Host: petstore.swagger.io
1 > Connection: Keep-Alive
1 > User-Agent: Apache-HttpClient/4.5.14 (Java/24.0.1)
1 > Accept-Encoding: gzip,deflate
{"id":1231456,"category":{"id":0,"name":"Cat"},"name":"Nina","photoUrls":["string"],"tags":[{"id":0,"name":"string"}],"status":"available"}

17:56:26.879 [pool-2-thread-1] DEBUG com.intuit.karate - response time in milliseconds: 1599
1 < 200
1 < Date: Mon, 05 May 2025 21:56:28 GMT
1 < Content-Type: application/json
1 < Transfer-Encoding: chunked
1 < Connection: keep-alive
1 < Access-Control-Allow-Origin: *
1 < Access-Control-Allow-Methods: GET, POST, DELETE, PUT
1 < Access-Control-Allow-Headers: Content-Type, api_key, Authorization
1 < Server: Jetty(9.2.9.v20150224)
{"id":1231456,"category":{"id":0,"name":"Cat"},"name":"Nina","photoUrls":["string"],"tags":[{"id":0,"name":"string"}],"status":"available"}

17:56:26.948 [pool-2-thread-1] DEBUG com.intuit.karate - request:
1 > GET https://petstore.swagger.io/v2/pet
1 > Host: petstore.swagger.io
1 > Connection: Keep-Alive
1 > User-Agent: Apache-HttpClient/4.5.14 (Java/24.0.1)
1 > Accept-Encoding: gzip,deflate


17:56:28.227 [pool-2-thread-1] DEBUG com.intuit.karate - response time in milliseconds: 1277
1 < 405
1 < Date: Mon, 05 May 2025 21:56:29 GMT
1 < Content-Type: application/xml
1 < Content-Length: 102
1 < Connection: keep-alive
1 < Access-Control-Allow-Origin: *
1 < Access-Control-Allow-Methods: GET, POST, DELETE, PUT
1 < Access-Control-Allow-Headers: Content-Type, api_key, Authorization
1 < Server: Jetty(9.2.9.v20150224)
<?xml version="1.0" encoding="UTF-8" standalone="yes"?><apiResponse><type>unknown</type></apiResponse>

17:56:28.243 [pool-2-thread-1] ERROR com.intuit.karate - classpath:examples/PetStore/get_pet.feature:7
Then status 200
status code was: 405, expected: 200, response time in milliseconds: 1277, url: https://petstore.swagger.io/v2/pet, response: 
<?xml version="1.0" encoding="UTF-8" standalone="yes"?><apiResponse><type>unknown</type></apiResponse>
classpath:examples/PetStore/get_pet.feature:7
17:56:28.244 [pool-2-thread-1] ERROR com.intuit.karate - classpath:examples/PetStore/full_flow_pet.feature:8
* call read('get_pet.feature') { petId: '#(petId)' }
status code was: 405, expected: 200, response time in milliseconds: 1277, url: https://petstore.swagger.io/v2/pet, response: 
<?xml version="1.0" encoding="UTF-8" standalone="yes"?><apiResponse><type>unknown</type></apiResponse>
classpath:examples/PetStore/get_pet.feature:7
classpath:examples/PetStore/full_flow_pet.feature:8
17:56:29.013 [pool-3-thread-1] INFO  com.intuit.karate.Suite - <<fail>> feature 1 of 1 (0 remaining) classpath:examples/PetStore/full_flow_pet.feature
18:00:10.187 [main] INFO  com.intuit.karate.Runner - using system property 'karate.options': classpath:examples/PetStore/full_flow_pet.feature
18:00:10.861 [main] DEBUG com.intuit.karate.Suite - [config] classpath:karate-config.js
18:00:10.865 [main] INFO  com.intuit.karate.Suite - backed up existing 'target\karate-reports' dir to: target\karate-reports_1746482410863
18:00:12.150 [pool-2-thread-1] INFO  com.intuit.karate - karate.env system property was: null 
18:00:12.567 [pool-2-thread-1] DEBUG com.intuit.karate - request:
1 > POST https://petstore.swagger.io/v2/pet
1 > Content-Type: application/json; charset=UTF-8
1 > Content-Length: 138
1 > Host: petstore.swagger.io
1 > Connection: Keep-Alive
1 > User-Agent: Apache-HttpClient/4.5.14 (Java/24.0.1)
1 > Accept-Encoding: gzip,deflate
{"id":111023,"category":{"id":0,"name":"Cat"},"name":"Nina","photoUrls":["string"],"tags":[{"id":0,"name":"string"}],"status":"available"}

18:00:14.083 [pool-2-thread-1] DEBUG com.intuit.karate - response time in milliseconds: 1513
1 < 200
1 < Date: Mon, 05 May 2025 22:00:15 GMT
1 < Content-Type: application/json
1 < Transfer-Encoding: chunked
1 < Connection: keep-alive
1 < Access-Control-Allow-Origin: *
1 < Access-Control-Allow-Methods: GET, POST, DELETE, PUT
1 < Access-Control-Allow-Headers: Content-Type, api_key, Authorization
1 < Server: Jetty(9.2.9.v20150224)
{"id":111023,"category":{"id":0,"name":"Cat"},"name":"Nina","photoUrls":["string"],"tags":[{"id":0,"name":"string"}],"status":"available"}

18:00:14.117 [pool-2-thread-1] ERROR com.intuit.karate - classpath:examples/PetStore/create_pet.feature:27
* return result
no step-definition method match found for: return result
classpath:examples/PetStore/create_pet.feature:27
18:00:14.121 [pool-2-thread-1] ERROR com.intuit.karate - classpath:examples/PetStore/full_flow_pet.feature:4
* def createResult = call read('create_pet.feature')
no step-definition method match found for: return result
classpath:examples/PetStore/create_pet.feature:27
classpath:examples/PetStore/full_flow_pet.feature:4
18:00:14.877 [pool-3-thread-1] INFO  com.intuit.karate.Suite - <<fail>> feature 1 of 1 (0 remaining) classpath:examples/PetStore/full_flow_pet.feature
18:03:20.906 [main] INFO  com.intuit.karate.Runner - using system property 'karate.options': classpath:examples/PetStore/full_flow_pet.feature
18:03:21.553 [main] DEBUG com.intuit.karate.Suite - [config] classpath:karate-config.js
18:03:21.556 [main] INFO  com.intuit.karate.Suite - backed up existing 'target\karate-reports' dir to: target\karate-reports_1746482601554
18:03:22.909 [pool-2-thread-1] INFO  com.intuit.karate - karate.env system property was: null 
18:03:23.305 [pool-2-thread-1] DEBUG com.intuit.karate - request:
1 > POST https://petstore.swagger.io/v2/pet
1 > Content-Type: application/json; charset=UTF-8
1 > Content-Length: 139
1 > Host: petstore.swagger.io
1 > Connection: Keep-Alive
1 > User-Agent: Apache-HttpClient/4.5.14 (Java/24.0.1)
1 > Accept-Encoding: gzip,deflate
{"id":1231456,"category":{"id":0,"name":"Cat"},"name":"Nina","photoUrls":["string"],"tags":[{"id":0,"name":"string"}],"status":"available"}

18:03:24.661 [pool-2-thread-1] DEBUG com.intuit.karate - response time in milliseconds: 1353
1 < 200
1 < Date: Mon, 05 May 2025 22:03:26 GMT
1 < Content-Type: application/json
1 < Transfer-Encoding: chunked
1 < Connection: keep-alive
1 < Access-Control-Allow-Origin: *
1 < Access-Control-Allow-Methods: GET, POST, DELETE, PUT
1 < Access-Control-Allow-Headers: Content-Type, api_key, Authorization
1 < Server: Jetty(9.2.9.v20150224)
{"id":1231456,"category":{"id":0,"name":"Cat"},"name":"Nina","photoUrls":["string"],"tags":[{"id":0,"name":"string"}],"status":"available"}

18:03:24.728 [pool-2-thread-1] DEBUG com.intuit.karate - request:
1 > GET https://petstore.swagger.io/v2/pet
1 > Host: petstore.swagger.io
1 > Connection: Keep-Alive
1 > User-Agent: Apache-HttpClient/4.5.14 (Java/24.0.1)
1 > Accept-Encoding: gzip,deflate


18:03:25.396 [pool-2-thread-1] DEBUG com.intuit.karate - response time in milliseconds: 667
1 < 405
1 < Date: Mon, 05 May 2025 22:03:26 GMT
1 < Content-Type: application/xml
1 < Content-Length: 102
1 < Connection: keep-alive
1 < Access-Control-Allow-Origin: *
1 < Access-Control-Allow-Methods: GET, POST, DELETE, PUT
1 < Access-Control-Allow-Headers: Content-Type, api_key, Authorization
1 < Server: Jetty(9.2.9.v20150224)
<?xml version="1.0" encoding="UTF-8" standalone="yes"?><apiResponse><type>unknown</type></apiResponse>

18:03:25.412 [pool-2-thread-1] ERROR com.intuit.karate - classpath:examples/PetStore/get_pet.feature:8
Then status 200
status code was: 405, expected: 200, response time in milliseconds: 667, url: https://petstore.swagger.io/v2/pet, response: 
<?xml version="1.0" encoding="UTF-8" standalone="yes"?><apiResponse><type>unknown</type></apiResponse>
classpath:examples/PetStore/get_pet.feature:8
18:03:25.413 [pool-2-thread-1] ERROR com.intuit.karate - classpath:examples/PetStore/full_flow_pet.feature:8
* call read('get_pet.feature')
status code was: 405, expected: 200, response time in milliseconds: 667, url: https://petstore.swagger.io/v2/pet, response: 
<?xml version="1.0" encoding="UTF-8" standalone="yes"?><apiResponse><type>unknown</type></apiResponse>
classpath:examples/PetStore/get_pet.feature:8
classpath:examples/PetStore/full_flow_pet.feature:8
18:03:26.164 [pool-3-thread-1] INFO  com.intuit.karate.Suite - <<fail>> feature 1 of 1 (0 remaining) classpath:examples/PetStore/full_flow_pet.feature
18:03:48.365 [main] INFO  com.intuit.karate.Runner - using system property 'karate.options': classpath:examples/PetStore/set_pet.feature
18:03:49.043 [main] DEBUG com.intuit.karate.Suite - [config] classpath:karate-config.js
18:03:49.047 [main] INFO  com.intuit.karate.Suite - backed up existing 'target\karate-reports' dir to: target\karate-reports_1746482629045
18:03:50.273 [pool-2-thread-1] INFO  com.intuit.karate - karate.env system property was: null 
18:03:50.657 [pool-2-thread-1] DEBUG com.intuit.karate - request:
1 > PUT https://petstore.swagger.io/v2/pet
1 > Content-Type: application/json; charset=UTF-8
1 > Content-Length: 138
1 > Host: petstore.swagger.io
1 > Connection: Keep-Alive
1 > User-Agent: Apache-HttpClient/4.5.14 (Java/24.0.1)
1 > Accept-Encoding: gzip,deflate
{"id":1231456,"category":{"id":0,"name":"Cat"},"name":"Lia","photoUrls":["string"],"tags":[{"id":0,"name":"string"}],"status":"available"}

18:03:51.775 [pool-2-thread-1] DEBUG com.intuit.karate - response time in milliseconds: 1113
1 < 200
1 < Date: Mon, 05 May 2025 22:03:53 GMT
1 < Content-Type: application/json
1 < Transfer-Encoding: chunked
1 < Connection: keep-alive
1 < Access-Control-Allow-Origin: *
1 < Access-Control-Allow-Methods: GET, POST, DELETE, PUT
1 < Access-Control-Allow-Headers: Content-Type, api_key, Authorization
1 < Server: Jetty(9.2.9.v20150224)
{"id":1231456,"category":{"id":0,"name":"Cat"},"name":"Lia","photoUrls":["string"],"tags":[{"id":0,"name":"string"}],"status":"available"}

18:03:51.806 [pool-2-thread-1] ERROR com.intuit.karate - classpath:examples/PetStore/set_pet.feature:30
And match response.id == 1212121
match failed: EQUALS
  $ | not equal (NUMBER:NUMBER)
  1231456
  1212121

classpath:examples/PetStore/set_pet.feature:30
18:03:52.481 [pool-3-thread-1] INFO  com.intuit.karate.Suite - <<fail>> feature 1 of 1 (0 remaining) classpath:examples/PetStore/set_pet.feature
18:04:11.175 [main] INFO  com.intuit.karate.Runner - using system property 'karate.options': classpath:examples/PetStore/set_pet.feature
18:04:11.832 [main] DEBUG com.intuit.karate.Suite - [config] classpath:karate-config.js
18:04:11.837 [main] INFO  com.intuit.karate.Suite - backed up existing 'target\karate-reports' dir to: target\karate-reports_1746482651834
18:04:13.153 [pool-2-thread-1] INFO  com.intuit.karate - karate.env system property was: null 
18:04:13.509 [pool-2-thread-1] DEBUG com.intuit.karate - request:
1 > PUT https://petstore.swagger.io/v2/pet
1 > Content-Type: application/json; charset=UTF-8
1 > Content-Length: 138
1 > Host: petstore.swagger.io
1 > Connection: Keep-Alive
1 > User-Agent: Apache-HttpClient/4.5.14 (Java/24.0.1)
1 > Accept-Encoding: gzip,deflate
{"id":1231456,"category":{"id":0,"name":"Cat"},"name":"Lia","photoUrls":["string"],"tags":[{"id":0,"name":"string"}],"status":"available"}

18:04:14.655 [pool-2-thread-1] DEBUG com.intuit.karate - response time in milliseconds: 1143
1 < 200
1 < Date: Mon, 05 May 2025 22:04:16 GMT
1 < Content-Type: application/json
1 < Transfer-Encoding: chunked
1 < Connection: keep-alive
1 < Access-Control-Allow-Origin: *
1 < Access-Control-Allow-Methods: GET, POST, DELETE, PUT
1 < Access-Control-Allow-Headers: Content-Type, api_key, Authorization
1 < Server: Jetty(9.2.9.v20150224)
{"id":1231456,"category":{"id":0,"name":"Cat"},"name":"Lia","photoUrls":["string"],"tags":[{"id":0,"name":"string"}],"status":"available"}

18:04:15.428 [pool-3-thread-1] INFO  com.intuit.karate.Suite - <<pass>> feature 1 of 1 (0 remaining) classpath:examples/PetStore/set_pet.feature
18:10:00.479 [main] INFO  com.intuit.karate.Runner - using system property 'karate.options': classpath:examples/PetStore/get_pet.feature
18:10:01.133 [main] DEBUG com.intuit.karate.Suite - [config] classpath:karate-config.js
18:10:01.137 [main] INFO  com.intuit.karate.Suite - backed up existing 'target\karate-reports' dir to: target\karate-reports_1746483001134
18:10:02.419 [pool-2-thread-1] INFO  com.intuit.karate - karate.env system property was: null 
18:10:02.485 [pool-2-thread-1] ERROR com.intuit.karate - classpath:examples/PetStore/get_pet.feature:6
Given path 'pet', petId
js failed:
>>>>
01: ['pet', petId]
<<<<
org.graalvm.polyglot.PolyglotException: ReferenceError: "petId" is not defined
- <js>.:program(Unnamed:1)

classpath:examples/PetStore/get_pet.feature:6
18:10:03.199 [pool-3-thread-1] INFO  com.intuit.karate.Suite - <<fail>> feature 1 of 1 (0 remaining) classpath:examples/PetStore/get_pet.feature
18:11:02.590 [main] INFO  com.intuit.karate.Runner - using system property 'karate.options': classpath:examples/PetStore/full_flow_pet.feature
18:11:03.279 [main] DEBUG com.intuit.karate.Suite - [config] classpath:karate-config.js
18:11:03.284 [main] INFO  com.intuit.karate.Suite - backed up existing 'target\karate-reports' dir to: target\karate-reports_1746483063281
18:11:04.584 [pool-2-thread-1] INFO  com.intuit.karate - karate.env system property was: null 
18:11:04.978 [pool-2-thread-1] DEBUG com.intuit.karate - request:
1 > POST https://petstore.swagger.io/v2/pet
1 > Content-Type: application/json; charset=UTF-8
1 > Content-Length: 139
1 > Host: petstore.swagger.io
1 > Connection: Keep-Alive
1 > User-Agent: Apache-HttpClient/4.5.14 (Java/24.0.1)
1 > Accept-Encoding: gzip,deflate
{"id":1231456,"category":{"id":0,"name":"Cat"},"name":"Nina","photoUrls":["string"],"tags":[{"id":0,"name":"string"}],"status":"available"}

18:11:06.191 [pool-2-thread-1] DEBUG com.intuit.karate - response time in milliseconds: 1210
1 < 200
1 < Date: Mon, 05 May 2025 22:11:07 GMT
1 < Content-Type: application/json
1 < Transfer-Encoding: chunked
1 < Connection: keep-alive
1 < Access-Control-Allow-Origin: *
1 < Access-Control-Allow-Methods: GET, POST, DELETE, PUT
1 < Access-Control-Allow-Headers: Content-Type, api_key, Authorization
1 < Server: Jetty(9.2.9.v20150224)
{"id":1231456,"category":{"id":0,"name":"Cat"},"name":"Nina","photoUrls":["string"],"tags":[{"id":0,"name":"string"}],"status":"available"}

18:11:06.275 [pool-2-thread-1] DEBUG com.intuit.karate - request:
1 > GET https://petstore.swagger.io/v2/pet/1231456
1 > Host: petstore.swagger.io
1 > Connection: Keep-Alive
1 > User-Agent: Apache-HttpClient/4.5.14 (Java/24.0.1)
1 > Accept-Encoding: gzip,deflate


18:11:06.869 [pool-2-thread-1] DEBUG com.intuit.karate - response time in milliseconds: 593
1 < 200
1 < Date: Mon, 05 May 2025 22:11:08 GMT
1 < Content-Type: application/json
1 < Transfer-Encoding: chunked
1 < Connection: keep-alive
1 < Access-Control-Allow-Origin: *
1 < Access-Control-Allow-Methods: GET, POST, DELETE, PUT
1 < Access-Control-Allow-Headers: Content-Type, api_key, Authorization
1 < Server: Jetty(9.2.9.v20150224)
{"id":1231456,"category":{"id":0,"name":"Cat"},"name":"Lia","photoUrls":["string"],"tags":[{"id":0,"name":"string"}],"status":"available"}

18:11:06.876 [pool-2-thread-1] ERROR com.intuit.karate - classpath:examples/PetStore/get_pet.feature:9
And match response.id == petId
match failed: EQUALS
  $ | data types don't match (NUMBER:NULL)
  1231456
  null

classpath:examples/PetStore/get_pet.feature:9
18:11:06.878 [pool-2-thread-1] ERROR com.intuit.karate - classpath:examples/PetStore/full_flow_pet.feature:8
* call read('get_pet.feature')
match failed: EQUALS
  $ | data types don't match (NUMBER:NULL)
  1231456
  null

classpath:examples/PetStore/get_pet.feature:9
classpath:examples/PetStore/full_flow_pet.feature:8
18:11:07.674 [pool-3-thread-1] INFO  com.intuit.karate.Suite - <<fail>> feature 1 of 1 (0 remaining) classpath:examples/PetStore/full_flow_pet.feature
18:11:39.921 [main] INFO  com.intuit.karate.Runner - using system property 'karate.options': classpath:examples/PetStore/full_flow_pet.feature
18:11:40.574 [main] DEBUG com.intuit.karate.Suite - [config] classpath:karate-config.js
18:11:40.578 [main] INFO  com.intuit.karate.Suite - backed up existing 'target\karate-reports' dir to: target\karate-reports_1746483100576
18:11:41.864 [pool-2-thread-1] INFO  com.intuit.karate - karate.env system property was: null 
18:11:42.277 [pool-2-thread-1] DEBUG com.intuit.karate - request:
1 > POST https://petstore.swagger.io/v2/pet
1 > Content-Type: application/json; charset=UTF-8
1 > Content-Length: 139
1 > Host: petstore.swagger.io
1 > Connection: Keep-Alive
1 > User-Agent: Apache-HttpClient/4.5.14 (Java/24.0.1)
1 > Accept-Encoding: gzip,deflate
{"id":1231456,"category":{"id":0,"name":"Cat"},"name":"Nina","photoUrls":["string"],"tags":[{"id":0,"name":"string"}],"status":"available"}

18:11:43.528 [pool-2-thread-1] DEBUG com.intuit.karate - response time in milliseconds: 1247
1 < 200
1 < Date: Mon, 05 May 2025 22:11:44 GMT
1 < Content-Type: application/json
1 < Transfer-Encoding: chunked
1 < Connection: keep-alive
1 < Access-Control-Allow-Origin: *
1 < Access-Control-Allow-Methods: GET, POST, DELETE, PUT
1 < Access-Control-Allow-Headers: Content-Type, api_key, Authorization
1 < Server: Jetty(9.2.9.v20150224)
{"id":1231456,"category":{"id":0,"name":"Cat"},"name":"Nina","photoUrls":["string"],"tags":[{"id":0,"name":"string"}],"status":"available"}

18:11:43.597 [pool-2-thread-1] DEBUG com.intuit.karate - request:
1 > GET https://petstore.swagger.io/v2/pet/1231456
1 > Host: petstore.swagger.io
1 > Connection: Keep-Alive
1 > User-Agent: Apache-HttpClient/4.5.14 (Java/24.0.1)
1 > Accept-Encoding: gzip,deflate


18:11:44.244 [pool-2-thread-1] DEBUG com.intuit.karate - response time in milliseconds: 645
1 < 200
1 < Date: Mon, 05 May 2025 22:11:45 GMT
1 < Content-Type: application/json
1 < Transfer-Encoding: chunked
1 < Connection: keep-alive
1 < Access-Control-Allow-Origin: *
1 < Access-Control-Allow-Methods: GET, POST, DELETE, PUT
1 < Access-Control-Allow-Headers: Content-Type, api_key, Authorization
1 < Server: Jetty(9.2.9.v20150224)
{"id":1231456,"category":{"id":0,"name":"Cat"},"name":"Nina","photoUrls":["string"],"tags":[{"id":0,"name":"string"}],"status":"available"}

18:11:44.260 [pool-2-thread-1] DEBUG c.intuit.karate.core.ScenarioEngine - over-writing existing variable 'PetId' with new value: 1231456
18:11:44.263 [pool-2-thread-1] DEBUG com.intuit.karate - request:
1 > PUT https://petstore.swagger.io/v2/pet
1 > Content-Type: application/json; charset=UTF-8
1 > Content-Length: 138
1 > Host: petstore.swagger.io
1 > Connection: Keep-Alive
1 > User-Agent: Apache-HttpClient/4.5.14 (Java/24.0.1)
1 > Accept-Encoding: gzip,deflate
{"id":1231456,"category":{"id":0,"name":"Cat"},"name":"Lia","photoUrls":["string"],"tags":[{"id":0,"name":"string"}],"status":"available"}

18:11:44.898 [pool-2-thread-1] DEBUG com.intuit.karate - response time in milliseconds: 635
1 < 200
1 < Date: Mon, 05 May 2025 22:11:46 GMT
1 < Content-Type: application/json
1 < Transfer-Encoding: chunked
1 < Connection: keep-alive
1 < Access-Control-Allow-Origin: *
1 < Access-Control-Allow-Methods: GET, POST, DELETE, PUT
1 < Access-Control-Allow-Headers: Content-Type, api_key, Authorization
1 < Server: Jetty(9.2.9.v20150224)
{"id":1231456,"category":{"id":0,"name":"Cat"},"name":"Lia","photoUrls":["string"],"tags":[{"id":0,"name":"string"}],"status":"available"}

18:11:44.914 [pool-2-thread-1] DEBUG c.intuit.karate.core.ScenarioEngine - over-writing existing variable 'PetId' with new value: 1231456
18:11:44.915 [pool-2-thread-1] DEBUG com.intuit.karate - request:
1 > DELETE https://petstore.swagger.io/v2/pet/1231456
1 > Host: petstore.swagger.io
1 > Connection: Keep-Alive
1 > User-Agent: Apache-HttpClient/4.5.14 (Java/24.0.1)
1 > Accept-Encoding: gzip,deflate


18:11:45.787 [pool-2-thread-1] DEBUG com.intuit.karate - response time in milliseconds: 871
1 < 200
1 < Date: Mon, 05 May 2025 22:11:47 GMT
1 < Content-Type: application/json
1 < Transfer-Encoding: chunked
1 < Connection: keep-alive
1 < Access-Control-Allow-Origin: *
1 < Access-Control-Allow-Methods: GET, POST, DELETE, PUT
1 < Access-Control-Allow-Headers: Content-Type, api_key, Authorization
1 < Server: Jetty(9.2.9.v20150224)
{"code":200,"type":"unknown","message":"1231456"}

18:11:46.662 [pool-3-thread-1] INFO  com.intuit.karate.Suite - <<pass>> feature 1 of 1 (0 remaining) classpath:examples/PetStore/full_flow_pet.feature
